W0613 14:41:26.132233   96532 library.go:101] "github.com/modern-go/reflect2" contains non-Go code that can't be inspected for further dependencies:
/Users/adria/go/pkg/mod/github.com/modern-go/reflect2@v1.0.2/relfect2_arm64.s
/Users/adria/go/pkg/mod/github.com/modern-go/reflect2@v1.0.2/relfect2_mips64x.s
/Users/adria/go/pkg/mod/github.com/modern-go/reflect2@v1.0.2/relfect2_mipsx.s
/Users/adria/go/pkg/mod/github.com/modern-go/reflect2@v1.0.2/relfect2_ppc64x.s
W0613 14:41:29.942542   96532 library.go:101] "github.com/cespare/xxhash/v2" contains non-Go code that can't be inspected for further dependencies:
/Users/adria/go/pkg/mod/github.com/cespare/xxhash/v2@v2.2.0/xxhash_arm64.s
W0613 14:41:30.134936   96532 library.go:101] "golang.org/x/sys/unix" contains non-Go code that can't be inspected for further dependencies:
/Users/adria/go/pkg/mod/golang.org/x/sys@v0.8.0/unix/asm_bsd_arm64.s
/Users/adria/go/pkg/mod/golang.org/x/sys@v0.8.0/unix/zsyscall_darwin_arm64.s
W0613 14:41:35.069961   96532 library.go:101] "go.starlark.net/starlark" contains non-Go code that can't be inspected for further dependencies:
/Users/adria/go/pkg/mod/go.starlark.net@v0.0.0-20220223235035-243c74974e97/starlark/empty.s
W0613 14:41:36.221100   96532 library.go:101] "github.com/klauspost/compress/zstd/internal/xxhash" contains non-Go code that can't be inspected for further dependencies:
/Users/adria/go/pkg/mod/github.com/klauspost/compress@v1.16.0/zstd/internal/xxhash/xxhash_arm64.s
W0613 14:41:46.123391   96532 library.go:101] "golang.org/x/crypto/chacha20" contains non-Go code that can't be inspected for further dependencies:
/Users/adria/go/pkg/mod/golang.org/x/crypto@v0.9.0/chacha20/chacha_arm64.s
E0613 14:41:54.463188   96532 library.go:122] Failed to find license for github.com/edgelesssys/go-tdx-qpl/tdx: cannot find a known open source license for "/Users/adria/go/pkg/mod/github.com/edgelesssys/go-tdx-qpl@v0.0.0-20230530085549-fd2878a4dead/tdx" whose name matches regexp ^(?i)((UN)?LICEN(S|C)E|COPYING|README|NOTICE).*$ and locates up until "/Users/adria/go/pkg/mod/github.com/edgelesssys/go-tdx-qpl@v0.0.0-20230530085549-fd2878a4dead"
E0613 14:41:54.467421   96532 library.go:122] Failed to find license for github.com/edgelesssys/go-tdx-qpl/verification: cannot find a known open source license for "/Users/adria/go/pkg/mod/github.com/edgelesssys/go-tdx-qpl@v0.0.0-20230530085549-fd2878a4dead/verification" whose name matches regexp ^(?i)((UN)?LICEN(S|C)E|COPYING|README|NOTICE).*$ and locates up until "/Users/adria/go/pkg/mod/github.com/edgelesssys/go-tdx-qpl@v0.0.0-20230530085549-fd2878a4dead"
E0613 14:41:54.471549   96532 library.go:122] Failed to find license for github.com/edgelesssys/go-tdx-qpl/verification/crypto: cannot find a known open source license for "/Users/adria/go/pkg/mod/github.com/edgelesssys/go-tdx-qpl@v0.0.0-20230530085549-fd2878a4dead/verification/crypto" whose name matches regexp ^(?i)((UN)?LICEN(S|C)E|COPYING|README|NOTICE).*$ and locates up until "/Users/adria/go/pkg/mod/github.com/edgelesssys/go-tdx-qpl@v0.0.0-20230530085549-fd2878a4dead"
E0613 14:41:54.475638   96532 library.go:122] Failed to find license for github.com/edgelesssys/go-tdx-qpl/verification/pcs: cannot find a known open source license for "/Users/adria/go/pkg/mod/github.com/edgelesssys/go-tdx-qpl@v0.0.0-20230530085549-fd2878a4dead/verification/pcs" whose name matches regexp ^(?i)((UN)?LICEN(S|C)E|COPYING|README|NOTICE).*$ and locates up until "/Users/adria/go/pkg/mod/github.com/edgelesssys/go-tdx-qpl@v0.0.0-20230530085549-fd2878a4dead"
E0613 14:41:54.479688   96532 library.go:122] Failed to find license for github.com/edgelesssys/go-tdx-qpl/verification/types: cannot find a known open source license for "/Users/adria/go/pkg/mod/github.com/edgelesssys/go-tdx-qpl@v0.0.0-20230530085549-fd2878a4dead/verification/types" whose name matches regexp ^(?i)((UN)?LICEN(S|C)E|COPYING|README|NOTICE).*$ and locates up until "/Users/adria/go/pkg/mod/github.com/edgelesssys/go-tdx-qpl@v0.0.0-20230530085549-fd2878a4dead"
E0613 14:41:54.483910   96532 library.go:122] Failed to find license for github.com/edgelesssys/go-tdx-qpl/verification/status: cannot find a known open source license for "/Users/adria/go/pkg/mod/github.com/edgelesssys/go-tdx-qpl@v0.0.0-20230530085549-fd2878a4dead/verification/status" whose name matches regexp ^(?i)((UN)?LICEN(S|C)E|COPYING|README|NOTICE).*$ and locates up until "/Users/adria/go/pkg/mod/github.com/edgelesssys/go-tdx-qpl@v0.0.0-20230530085549-fd2878a4dead"
W0613 14:41:56.785717   96532 library.go:101] "github.com/google/go-tpm-tools/simulator/internal" contains non-Go code that can't be inspected for further dependencies:
/Users/adria/go/pkg/mod/github.com/daniel-weisse/go-tpm-tools@v0.0.0-20230612131025-c1ddd5ded590/simulator/internal/include.c
W0613 14:42:17.439826   96532 library.go:276] module github.com/edgelesssys/constellation/v2 has empty version, defaults to HEAD. The license URL may be incorrect. Please verify!
W0613 14:42:17.556454   96532 library.go:276] module github.com/edgelesssys/constellation/v2/operators/constellation-node-operator/v2/api has empty version, defaults to HEAD. The license URL may be incorrect. Please verify!
